<?xml version="1.0" encoding="UTF-8"?>
<!-- Generated by org.testng.reporters.JUnitReportReporter -->
<testsuite skipped="0" hostname="Server01" name="testcases.FindNewCarTest" tests="3" failures="0" timestamp="08 Jul 2022 20:58:48 GMT" time="106.864" errors="0">
  <testcase name="findNewCar" time="56.482" classname="testcases.FindNewCarTest"/>
  <testcase name="findNewCar" time="30.014" classname="testcases.FindNewCarTest"/>
  <testcase name="findNewCar" time="20.368" classname="testcases.FindNewCarTest"/>
</testsuite> <!-- testcases.FindNewCarTest -->
