<?xml version="1.0" encoding="UTF-8"?>
<!-- Generated by org.testng.reporters.JUnitReportReporter -->
<testsuite skipped="0" hostname="Server01" name="testcases.CarNameAndPriceTest" tests="3" failures="0" timestamp="08 Jul 2022 20:58:48 GMT" time="67.923" errors="0">
  <testcase name="carNameAndPrice" time="28.521" classname="testcases.CarNameAndPriceTest"/>
  <testcase name="carNameAndPrice" time="16.829" classname="testcases.CarNameAndPriceTest"/>
  <testcase name="carNameAndPrice" time="22.573" classname="testcases.CarNameAndPriceTest"/>
</testsuite> <!-- testcases.CarNameAndPriceTest -->
